2025-04-12 11:26:59.429 [info] [main] Log level: Info
2025-04-12 11:26:59.429 [info] [main] Validating found git in: "git"
2025-04-12 11:26:59.429 [info] [main] Using git "2.34.1" from "git"
2025-04-12 11:26:59.429 [info] [Model][doInitialScan] Initial repository scan started
2025-04-12 11:26:59.429 [info] > git rev-parse --show-toplevel [4ms]
2025-04-12 11:26:59.430 [info] > git rev-parse --git-dir --git-common-dir [3ms]
2025-04-12 11:26:59.445 [info] [Model][openRepository] Opened repository: /root/keysight-challenge-2025
2025-04-12 11:26:59.461 [info] > git config --get commit.template [4ms]
2025-04-12 11:26:59.475 [info] > git for-each-ref --format=%(refname)%00%(upstream:short)%00%(objectname)%00%(upstream:track)%00%(upstream:remotename)%00%(upstream:remoteref) refs/heads/master refs/remotes/master [3ms]
2025-04-12 11:26:59.483 [warning] [Git][revParse] Unable to read file: ENOENT: no such file or directory, open '/root/keysight-challenge-2025/.git/refs/remotes/origin/master'
2025-04-12 11:26:59.486 [info] > git rev-parse refs/remotes/origin/master [3ms]
2025-04-12 11:26:59.526 [info] > git for-each-ref --sort -committerdate --format %(refname)%00%(objectname)%00%(*objectname) [23ms]
2025-04-12 11:26:59.558 [info] > git rev-parse --show-toplevel [2ms]
2025-04-12 11:26:59.569 [info] > git rev-parse --show-toplevel [3ms]
2025-04-12 11:26:59.580 [info] > git rev-parse --show-toplevel [3ms]
2025-04-12 11:26:59.589 [info] > git status -z -uall [95ms]
2025-04-12 11:26:59.635 [info] > git for-each-ref --format=%(refname)%00%(upstream:short)%00%(objectname)%00%(upstream:track)%00%(upstream:remotename)%00%(upstream:remoteref) refs/heads/master refs/remotes/master [16ms]
2025-04-12 11:26:59.645 [info] > git rev-parse --show-toplevel [57ms]
2025-04-12 11:26:59.659 [info] > git config --get --local branch.master.vscode-merge-base [15ms]
2025-04-12 11:26:59.669 [info] > git config --get commit.template [34ms]
2025-04-12 11:26:59.671 [info] > git rev-parse --show-toplevel [13ms]
2025-04-12 11:26:59.691 [info] > git for-each-ref --format=%(refname)%00%(upstream:short)%00%(objectname)%00%(upstream:track)%00%(upstream:remotename)%00%(upstream:remoteref) refs/heads/origin/master refs/remotes/origin/master [23ms]
2025-04-12 11:26:59.726 [info] > git merge-base refs/heads/master refs/remotes/origin/master [25ms]
2025-04-12 11:26:59.734 [info] > git rev-parse --show-toplevel [45ms]
2025-04-12 11:26:59.735 [info] > git for-each-ref --format=%(refname)%00%(upstream:short)%00%(objectname)%00%(upstream:track)%00%(upstream:remotename)%00%(upstream:remoteref) refs/heads/master refs/remotes/master [55ms]
2025-04-12 11:26:59.751 [warning] [Git][revParse] Unable to read file: ENOENT: no such file or directory, open '/root/keysight-challenge-2025/.git/refs/remotes/origin/master'
2025-04-12 11:26:59.752 [info] > git diff --name-status -z --diff-filter=ADMR 45843a8fa65173a583791889402ec7e603692ba0...refs/remotes/origin/master [18ms]
2025-04-12 11:26:59.756 [info] > git rev-parse refs/remotes/origin/master [5ms]
2025-04-12 11:26:59.772 [info] > git rev-parse --show-toplevel [28ms]
2025-04-12 11:26:59.781 [info] > git for-each-ref --sort -committerdate --format %(refname)%00%(objectname)%00%(*objectname) [9ms]
2025-04-12 11:26:59.783 [info] > git rev-parse --show-toplevel [3ms]
2025-04-12 11:26:59.794 [info] > git rev-parse --show-toplevel [2ms]
2025-04-12 11:26:59.804 [info] > git rev-parse --show-toplevel [2ms]
2025-04-12 11:26:59.813 [info] > git rev-parse --show-toplevel [2ms]
2025-04-12 11:26:59.823 [info] > git rev-parse --show-toplevel [2ms]
2025-04-12 11:26:59.832 [info] > git rev-parse --show-toplevel [2ms]
2025-04-12 11:26:59.842 [info] > git rev-parse --show-toplevel [2ms]
2025-04-12 11:26:59.853 [info] > git rev-parse --show-toplevel [2ms]
2025-04-12 11:26:59.862 [info] > git status -z -uall [99ms]
2025-04-12 11:26:59.869 [info] > git rev-parse --show-toplevel [8ms]
2025-04-12 11:26:59.873 [info] [Model][doInitialScan] Initial repository scan completed - repositories (1), closed repositories (0), parent repositories (0), unsafe repositories (0)
2025-04-12 11:27:00.267 [info] > git check-ignore -v -z --stdin [4ms]
2025-04-12 11:27:02.539 [info] > git check-ignore -v -z --stdin [2ms]
2025-04-12 11:27:03.412 [info] > git config --get commit.template [10ms]
2025-04-12 11:27:03.413 [info] > git for-each-ref --format=%(refname)%00%(upstream:short)%00%(objectname)%00%(upstream:track)%00%(upstream:remotename)%00%(upstream:remoteref) refs/heads/master refs/remotes/master [2ms]
2025-04-12 11:27:03.420 [warning] [Git][revParse] Unable to read file: ENOENT: no such file or directory, open '/root/keysight-challenge-2025/.git/refs/remotes/origin/master'
2025-04-12 11:27:03.423 [info] > git rev-parse refs/remotes/origin/master [3ms]
2025-04-12 11:27:03.442 [info] > git for-each-ref --sort -committerdate --format %(refname)%00%(objectname)%00%(*objectname) [3ms]
2025-04-12 11:27:03.518 [info] > git status -z -uall [87ms]
2025-04-12 11:27:10.244 [info] > git config --get commit.template [16ms]
2025-04-12 11:27:10.247 [info] > git for-each-ref --format=%(refname)%00%(upstream:short)%00%(objectname)%00%(upstream:track)%00%(upstream:remotename)%00%(upstream:remoteref) refs/heads/master refs/remotes/master [4ms]
2025-04-12 11:27:10.264 [warning] [Git][revParse] Unable to read file: ENOENT: no such file or directory, open '/root/keysight-challenge-2025/.git/refs/remotes/origin/master'
2025-04-12 11:27:10.267 [info] > git rev-parse refs/remotes/origin/master [4ms]
2025-04-12 11:27:10.293 [info] > git for-each-ref --sort -committerdate --format %(refname)%00%(objectname)%00%(*objectname) [5ms]
2025-04-12 11:27:10.371 [info] > git status -z -uall [94ms]
2025-04-12 11:27:15.390 [info] > git config --get commit.template [3ms]
2025-04-12 11:27:15.400 [info] > git for-each-ref --format=%(refname)%00%(upstream:short)%00%(objectname)%00%(upstream:track)%00%(upstream:remotename)%00%(upstream:remoteref) refs/heads/master refs/remotes/master [2ms]
2025-04-12 11:27:15.409 [warning] [Git][revParse] Unable to read file: ENOENT: no such file or directory, open '/root/keysight-challenge-2025/.git/refs/remotes/origin/master'
2025-04-12 11:27:15.412 [info] > git rev-parse refs/remotes/origin/master [2ms]
2025-04-12 11:27:15.431 [info] > git for-each-ref --sort -committerdate --format %(refname)%00%(objectname)%00%(*objectname) [3ms]
2025-04-12 11:27:15.508 [info] > git status -z -uall [88ms]
2025-04-12 11:27:20.874 [info] > git config --get commit.template [11ms]
2025-04-12 11:27:20.875 [info] > git for-each-ref --format=%(refname)%00%(upstream:short)%00%(objectname)%00%(upstream:track)%00%(upstream:remotename)%00%(upstream:remoteref) refs/heads/master refs/remotes/master [3ms]
2025-04-12 11:27:20.882 [warning] [Git][revParse] Unable to read file: ENOENT: no such file or directory, open '/root/keysight-challenge-2025/.git/refs/remotes/origin/master'
2025-04-12 11:27:20.885 [info] > git rev-parse refs/remotes/origin/master [3ms]
2025-04-12 11:27:20.903 [info] > git for-each-ref --sort -committerdate --format %(refname)%00%(objectname)%00%(*objectname) [3ms]
2025-04-12 11:27:20.981 [info] > git status -z -uall [89ms]
2025-04-12 11:27:26.007 [info] > git config --get commit.template [9ms]
2025-04-12 11:27:26.009 [info] > git for-each-ref --format=%(refname)%00%(upstream:short)%00%(objectname)%00%(upstream:track)%00%(upstream:remotename)%00%(upstream:remoteref) refs/heads/master refs/remotes/master [2ms]
2025-04-12 11:27:26.018 [warning] [Git][revParse] Unable to read file: ENOENT: no such file or directory, open '/root/keysight-challenge-2025/.git/refs/remotes/origin/master'
2025-04-12 11:27:26.020 [info] > git rev-parse refs/remotes/origin/master [2ms]
2025-04-12 11:27:26.039 [info] > git for-each-ref --sort -committerdate --format %(refname)%00%(objectname)%00%(*objectname) [3ms]
2025-04-12 11:27:26.116 [info] > git status -z -uall [88ms]
2025-04-12 11:27:40.606 [info] > git config --get commit.template [11ms]
2025-04-12 11:27:40.608 [info] > git for-each-ref --format=%(refname)%00%(upstream:short)%00%(objectname)%00%(upstream:track)%00%(upstream:remotename)%00%(upstream:remoteref) refs/heads/master refs/remotes/master [3ms]
2025-04-12 11:27:40.615 [warning] [Git][revParse] Unable to read file: ENOENT: no such file or directory, open '/root/keysight-challenge-2025/.git/refs/remotes/origin/master'
2025-04-12 11:27:40.617 [info] > git rev-parse refs/remotes/origin/master [2ms]
2025-04-12 11:27:40.637 [info] > git for-each-ref --sort -committerdate --format %(refname)%00%(objectname)%00%(*objectname) [3ms]
2025-04-12 11:27:40.714 [info] > git status -z -uall [89ms]
2025-04-12 11:27:51.928 [info] > git config --get commit.template [9ms]
2025-04-12 11:27:51.930 [info] > git for-each-ref --format=%(refname)%00%(upstream:short)%00%(objectname)%00%(upstream:track)%00%(upstream:remotename)%00%(upstream:remoteref) refs/heads/master refs/remotes/master [3ms]
2025-04-12 11:27:51.938 [warning] [Git][revParse] Unable to read file: ENOENT: no such file or directory, open '/root/keysight-challenge-2025/.git/refs/remotes/origin/master'
2025-04-12 11:27:51.940 [info] > git rev-parse refs/remotes/origin/master [2ms]
2025-04-12 11:27:51.959 [info] > git for-each-ref --sort -committerdate --format %(refname)%00%(objectname)%00%(*objectname) [3ms]
2025-04-12 11:27:52.036 [info] > git status -z -uall [88ms]
2025-04-12 11:28:00.901 [info] > git config --get commit.template [3ms]
2025-04-12 11:28:00.911 [info] > git for-each-ref --format=%(refname)%00%(upstream:short)%00%(objectname)%00%(upstream:track)%00%(upstream:remotename)%00%(upstream:remoteref) refs/heads/master refs/remotes/master [3ms]
2025-04-12 11:28:00.919 [warning] [Git][revParse] Unable to read file: ENOENT: no such file or directory, open '/root/keysight-challenge-2025/.git/refs/remotes/origin/master'
2025-04-12 11:28:00.921 [info] > git rev-parse refs/remotes/origin/master [2ms]
2025-04-12 11:28:00.940 [info] > git for-each-ref --sort -committerdate --format %(refname)%00%(objectname)%00%(*objectname) [3ms]
2025-04-12 11:28:01.018 [info] > git status -z -uall [89ms]
2025-04-12 11:28:06.042 [info] > git config --get commit.template [9ms]
2025-04-12 11:28:06.044 [info] > git for-each-ref --format=%(refname)%00%(upstream:short)%00%(objectname)%00%(upstream:track)%00%(upstream:remotename)%00%(upstream:remoteref) refs/heads/master refs/remotes/master [3ms]
2025-04-12 11:28:06.052 [warning] [Git][revParse] Unable to read file: ENOENT: no such file or directory, open '/root/keysight-challenge-2025/.git/refs/remotes/origin/master'
2025-04-12 11:28:06.055 [info] > git rev-parse refs/remotes/origin/master [3ms]
2025-04-12 11:28:06.075 [info] > git for-each-ref --sort -committerdate --format %(refname)%00%(objectname)%00%(*objectname) [3ms]
2025-04-12 11:28:06.154 [info] > git status -z -uall [91ms]
2025-04-12 11:28:06.237 [info] > git check-ignore -v -z --stdin [2ms]
2025-04-12 11:28:33.903 [info] > git config --get commit.template [13ms]
2025-04-12 11:28:33.904 [info] > git for-each-ref --format=%(refname)%00%(upstream:short)%00%(objectname)%00%(upstream:track)%00%(upstream:remotename)%00%(upstream:remoteref) refs/heads/master refs/remotes/master [3ms]
2025-04-12 11:28:33.914 [warning] [Git][revParse] Unable to read file: ENOENT: no such file or directory, open '/root/keysight-challenge-2025/.git/refs/remotes/origin/master'
2025-04-12 11:28:33.917 [info] > git rev-parse refs/remotes/origin/master [4ms]
2025-04-12 11:28:33.938 [info] > git for-each-ref --sort -committerdate --format %(refname)%00%(objectname)%00%(*objectname) [4ms]
2025-04-12 11:28:34.019 [info] > git status -z -uall [94ms]
2025-04-12 11:28:39.044 [info] > git config --get commit.template [9ms]
2025-04-12 11:28:39.046 [info] > git for-each-ref --format=%(refname)%00%(upstream:short)%00%(objectname)%00%(upstream:track)%00%(upstream:remotename)%00%(upstream:remoteref) refs/heads/master refs/remotes/master [2ms]
2025-04-12 11:28:39.054 [warning] [Git][revParse] Unable to read file: ENOENT: no such file or directory, open '/root/keysight-challenge-2025/.git/refs/remotes/origin/master'
2025-04-12 11:28:39.056 [info] > git rev-parse refs/remotes/origin/master [2ms]
2025-04-12 11:28:39.073 [info] > git for-each-ref --sort -committerdate --format %(refname)%00%(objectname)%00%(*objectname) [2ms]
2025-04-12 11:28:39.150 [info] > git status -z -uall [87ms]
2025-04-12 11:28:50.392 [info] > git config --get commit.template [9ms]
2025-04-12 11:28:50.393 [info] > git for-each-ref --format=%(refname)%00%(upstream:short)%00%(objectname)%00%(upstream:track)%00%(upstream:remotename)%00%(upstream:remoteref) refs/heads/master refs/remotes/master [2ms]
2025-04-12 11:28:50.400 [warning] [Git][revParse] Unable to read file: ENOENT: no such file or directory, open '/root/keysight-challenge-2025/.git/refs/remotes/origin/master'
2025-04-12 11:28:50.403 [info] > git rev-parse refs/remotes/origin/master [3ms]
2025-04-12 11:28:50.430 [info] > git for-each-ref --sort -committerdate --format %(refname)%00%(objectname)%00%(*objectname) [10ms]
2025-04-12 11:28:50.431 [info] > git check-ignore -v -z --stdin [2ms]
2025-04-12 11:28:50.501 [info] > git status -z -uall [90ms]
2025-04-12 11:28:57.844 [info] > git config --get commit.template [10ms]
2025-04-12 11:28:57.845 [info] > git for-each-ref --format=%(refname)%00%(upstream:short)%00%(objectname)%00%(upstream:track)%00%(upstream:remotename)%00%(upstream:remoteref) refs/heads/master refs/remotes/master [3ms]
2025-04-12 11:28:57.853 [warning] [Git][revParse] Unable to read file: ENOENT: no such file or directory, open '/root/keysight-challenge-2025/.git/refs/remotes/origin/master'
2025-04-12 11:28:57.855 [info] > git rev-parse refs/remotes/origin/master [2ms]
2025-04-12 11:28:57.874 [info] > git for-each-ref --sort -committerdate --format %(refname)%00%(objectname)%00%(*objectname) [3ms]
2025-04-12 11:28:57.950 [info] > git status -z -uall [88ms]
2025-04-12 11:29:02.981 [info] > git config --get commit.template [12ms]
2025-04-12 11:29:02.983 [info] > git for-each-ref --format=%(refname)%00%(upstream:short)%00%(objectname)%00%(upstream:track)%00%(upstream:remotename)%00%(upstream:remoteref) refs/heads/master refs/remotes/master [4ms]
2025-04-12 11:29:02.993 [warning] [Git][revParse] Unable to read file: ENOENT: no such file or directory, open '/root/keysight-challenge-2025/.git/refs/remotes/origin/master'
2025-04-12 11:29:02.996 [info] > git rev-parse refs/remotes/origin/master [3ms]
2025-04-12 11:29:03.019 [info] > git for-each-ref --sort -committerdate --format %(refname)%00%(objectname)%00%(*objectname) [4ms]
2025-04-12 11:29:03.100 [info] > git status -z -uall [95ms]
2025-04-12 11:29:08.126 [info] > git config --get commit.template [10ms]
2025-04-12 11:29:08.128 [info] > git for-each-ref --format=%(refname)%00%(upstream:short)%00%(objectname)%00%(upstream:track)%00%(upstream:remotename)%00%(upstream:remoteref) refs/heads/master refs/remotes/master [3ms]
2025-04-12 11:29:08.137 [warning] [Git][revParse] Unable to read file: ENOENT: no such file or directory, open '/root/keysight-challenge-2025/.git/refs/remotes/origin/master'
2025-04-12 11:29:08.139 [info] > git rev-parse refs/remotes/origin/master [2ms]
2025-04-12 11:29:08.158 [info] > git for-each-ref --sort -committerdate --format %(refname)%00%(objectname)%00%(*objectname) [3ms]
2025-04-12 11:29:08.233 [info] > git status -z -uall [86ms]
2025-04-12 11:29:13.260 [info] > git config --get commit.template [10ms]
2025-04-12 11:29:13.261 [info] > git for-each-ref --format=%(refname)%00%(upstream:short)%00%(objectname)%00%(upstream:track)%00%(upstream:remotename)%00%(upstream:remoteref) refs/heads/master refs/remotes/master [2ms]
2025-04-12 11:29:13.270 [warning] [Git][revParse] Unable to read file: ENOENT: no such file or directory, open '/root/keysight-challenge-2025/.git/refs/remotes/origin/master'
2025-04-12 11:29:13.272 [info] > git rev-parse refs/remotes/origin/master [2ms]
2025-04-12 11:29:13.292 [info] > git for-each-ref --sort -committerdate --format %(refname)%00%(objectname)%00%(*objectname) [3ms]
2025-04-12 11:29:13.368 [info] > git status -z -uall [88ms]
2025-04-12 11:29:14.582 [info] > git check-ignore -v -z --stdin [2ms]
2025-04-12 11:29:15.649 [info] > git check-ignore -v -z --stdin [2ms]
2025-04-12 11:29:18.394 [info] > git config --get commit.template [11ms]
2025-04-12 11:29:18.396 [info] > git for-each-ref --format=%(refname)%00%(upstream:short)%00%(objectname)%00%(upstream:track)%00%(upstream:remotename)%00%(upstream:remoteref) refs/heads/master refs/remotes/master [3ms]
2025-04-12 11:29:18.404 [warning] [Git][revParse] Unable to read file: ENOENT: no such file or directory, open '/root/keysight-challenge-2025/.git/refs/remotes/origin/master'
2025-04-12 11:29:18.406 [info] > git rev-parse refs/remotes/origin/master [2ms]
2025-04-12 11:29:18.426 [info] > git for-each-ref --sort -committerdate --format %(refname)%00%(objectname)%00%(*objectname) [2ms]
2025-04-12 11:29:18.501 [info] > git status -z -uall [86ms]
2025-04-12 11:29:23.528 [info] > git config --get commit.template [10ms]
2025-04-12 11:29:23.531 [info] > git for-each-ref --format=%(refname)%00%(upstream:short)%00%(objectname)%00%(upstream:track)%00%(upstream:remotename)%00%(upstream:remoteref) refs/heads/master refs/remotes/master [3ms]
2025-04-12 11:29:23.540 [warning] [Git][revParse] Unable to read file: ENOENT: no such file or directory, open '/root/keysight-challenge-2025/.git/refs/remotes/origin/master'
2025-04-12 11:29:23.542 [info] > git rev-parse refs/remotes/origin/master [2ms]
2025-04-12 11:29:23.563 [info] > git for-each-ref --sort -committerdate --format %(refname)%00%(objectname)%00%(*objectname) [3ms]
2025-04-12 11:29:23.638 [info] > git status -z -uall [87ms]
2025-04-12 11:29:38.846 [info] > git config --get commit.template [12ms]
2025-04-12 11:29:38.847 [info] > git for-each-ref --format=%(refname)%00%(upstream:short)%00%(objectname)%00%(upstream:track)%00%(upstream:remotename)%00%(upstream:remoteref) refs/heads/master refs/remotes/master [3ms]
2025-04-12 11:29:38.857 [warning] [Git][revParse] Unable to read file: ENOENT: no such file or directory, open '/root/keysight-challenge-2025/.git/refs/remotes/origin/master'
2025-04-12 11:29:38.859 [info] > git rev-parse refs/remotes/origin/master [3ms]
2025-04-12 11:29:38.880 [info] > git for-each-ref --sort -committerdate --format %(refname)%00%(objectname)%00%(*objectname) [3ms]
2025-04-12 11:29:38.960 [info] > git status -z -uall [92ms]
2025-04-12 11:29:43.989 [info] > git config --get commit.template [11ms]
2025-04-12 11:29:43.991 [info] > git for-each-ref --format=%(refname)%00%(upstream:short)%00%(objectname)%00%(upstream:track)%00%(upstream:remotename)%00%(upstream:remoteref) refs/heads/master refs/remotes/master [2ms]
2025-04-12 11:29:43.999 [warning] [Git][revParse] Unable to read file: ENOENT: no such file or directory, open '/root/keysight-challenge-2025/.git/refs/remotes/origin/master'
2025-04-12 11:29:44.002 [info] > git rev-parse refs/remotes/origin/master [3ms]
2025-04-12 11:29:44.021 [info] > git for-each-ref --sort -committerdate --format %(refname)%00%(objectname)%00%(*objectname) [2ms]
2025-04-12 11:29:44.096 [info] > git status -z -uall [86ms]
2025-04-12 11:29:47.019 [info] > git check-ignore -v -z --stdin [2ms]
2025-04-12 11:29:49.114 [info] > git config --get commit.template [2ms]
2025-04-12 11:29:49.125 [info] > git for-each-ref --format=%(refname)%00%(upstream:short)%00%(objectname)%00%(upstream:track)%00%(upstream:remotename)%00%(upstream:remoteref) refs/heads/master refs/remotes/master [2ms]
2025-04-12 11:29:49.134 [warning] [Git][revParse] Unable to read file: ENOENT: no such file or directory, open '/root/keysight-challenge-2025/.git/refs/remotes/origin/master'
2025-04-12 11:29:49.136 [info] > git rev-parse refs/remotes/origin/master [2ms]
2025-04-12 11:29:49.155 [info] > git for-each-ref --sort -committerdate --format %(refname)%00%(objectname)%00%(*objectname) [3ms]
2025-04-12 11:29:49.231 [info] > git status -z -uall [87ms]
2025-04-12 11:29:54.257 [info] > git config --get commit.template [11ms]
2025-04-12 11:29:54.258 [info] > git for-each-ref --format=%(refname)%00%(upstream:short)%00%(objectname)%00%(upstream:track)%00%(upstream:remotename)%00%(upstream:remoteref) refs/heads/master refs/remotes/master [2ms]
2025-04-12 11:29:54.267 [warning] [Git][revParse] Unable to read file: ENOENT: no such file or directory, open '/root/keysight-challenge-2025/.git/refs/remotes/origin/master'
2025-04-12 11:29:54.269 [info] > git rev-parse refs/remotes/origin/master [2ms]
2025-04-12 11:29:54.289 [info] > git for-each-ref --sort -committerdate --format %(refname)%00%(objectname)%00%(*objectname) [3ms]
2025-04-12 11:29:54.364 [info] > git status -z -uall [86ms]
2025-04-12 11:29:59.392 [info] > git config --get commit.template [11ms]
2025-04-12 11:29:59.395 [info] > git for-each-ref --format=%(refname)%00%(upstream:short)%00%(objectname)%00%(upstream:track)%00%(upstream:remotename)%00%(upstream:remoteref) refs/heads/master refs/remotes/master [3ms]
2025-04-12 11:29:59.404 [warning] [Git][revParse] Unable to read file: ENOENT: no such file or directory, open '/root/keysight-challenge-2025/.git/refs/remotes/origin/master'
2025-04-12 11:29:59.406 [info] > git rev-parse refs/remotes/origin/master [2ms]
2025-04-12 11:29:59.427 [info] > git for-each-ref --sort -committerdate --format %(refname)%00%(objectname)%00%(*objectname) [4ms]
2025-04-12 11:29:59.503 [info] > git status -z -uall [89ms]
2025-04-12 11:30:34.988 [info] > git config --get commit.template [11ms]
2025-04-12 11:30:34.990 [info] > git for-each-ref --format=%(refname)%00%(upstream:short)%00%(objectname)%00%(upstream:track)%00%(upstream:remotename)%00%(upstream:remoteref) refs/heads/master refs/remotes/master [3ms]
2025-04-12 11:30:34.999 [warning] [Git][revParse] Unable to read file: ENOENT: no such file or directory, open '/root/keysight-challenge-2025/.git/refs/remotes/origin/master'
2025-04-12 11:30:35.002 [info] > git rev-parse refs/remotes/origin/master [3ms]
2025-04-12 11:30:35.024 [info] > git for-each-ref --sort -committerdate --format %(refname)%00%(objectname)%00%(*objectname) [4ms]
2025-04-12 11:30:35.100 [info] > git status -z -uall [89ms]
2025-04-12 11:30:41.480 [info] > git config --get commit.template [10ms]
2025-04-12 11:30:41.482 [info] > git for-each-ref --format=%(refname)%00%(upstream:short)%00%(objectname)%00%(upstream:track)%00%(upstream:remotename)%00%(upstream:remoteref) refs/heads/master refs/remotes/master [3ms]
2025-04-12 11:30:41.490 [warning] [Git][revParse] Unable to read file: ENOENT: no such file or directory, open '/root/keysight-challenge-2025/.git/refs/remotes/origin/master'
2025-04-12 11:30:41.493 [info] > git rev-parse refs/remotes/origin/master [3ms]
2025-04-12 11:30:41.513 [info] > git for-each-ref --sort -committerdate --format %(refname)%00%(objectname)%00%(*objectname) [3ms]
2025-04-12 11:30:41.588 [info] > git status -z -uall [87ms]
2025-04-12 11:30:43.462 [info] > git show --textconv :src/CMakeLists.txt [17ms]
2025-04-12 11:30:43.463 [info] > git ls-files --stage -- src/CMakeLists.txt [3ms]
2025-04-12 11:30:43.474 [info] > git cat-file -s 534c3e32ffe144d70755dd3f8a71fedd57efa269 [2ms]
2025-04-12 11:30:46.613 [info] > git config --get commit.template [10ms]
2025-04-12 11:30:46.615 [info] > git for-each-ref --format=%(refname)%00%(upstream:short)%00%(objectname)%00%(upstream:track)%00%(upstream:remotename)%00%(upstream:remoteref) refs/heads/master refs/remotes/master [3ms]
2025-04-12 11:30:46.624 [warning] [Git][revParse] Unable to read file: ENOENT: no such file or directory, open '/root/keysight-challenge-2025/.git/refs/remotes/origin/master'
2025-04-12 11:30:46.626 [info] > git rev-parse refs/remotes/origin/master [2ms]
2025-04-12 11:30:46.647 [info] > git for-each-ref --sort -committerdate --format %(refname)%00%(objectname)%00%(*objectname) [3ms]
2025-04-12 11:30:46.723 [info] > git status -z -uall [89ms]
2025-04-12 11:30:47.613 [info] > git show --textconv :CMakeLists.txt [13ms]
2025-04-12 11:30:47.615 [info] > git ls-files --stage -- CMakeLists.txt [3ms]
2025-04-12 11:30:47.627 [info] > git cat-file -s 150b98db261ded9304a41a4790360f06c8a71d67 [2ms]
2025-04-12 11:30:51.750 [info] > git config --get commit.template [12ms]
2025-04-12 11:30:51.751 [info] > git for-each-ref --format=%(refname)%00%(upstream:short)%00%(objectname)%00%(upstream:track)%00%(upstream:remotename)%00%(upstream:remoteref) refs/heads/master refs/remotes/master [3ms]
2025-04-12 11:30:51.761 [warning] [Git][revParse] Unable to read file: ENOENT: no such file or directory, open '/root/keysight-challenge-2025/.git/refs/remotes/origin/master'
2025-04-12 11:30:51.763 [info] > git rev-parse refs/remotes/origin/master [2ms]
2025-04-12 11:30:51.784 [info] > git for-each-ref --sort -committerdate --format %(refname)%00%(objectname)%00%(*objectname) [2ms]
2025-04-12 11:30:51.859 [info] > git status -z -uall [87ms]
2025-04-12 11:30:57.258 [info] > git config --get commit.template [11ms]
2025-04-12 11:30:57.259 [info] > git for-each-ref --format=%(refname)%00%(upstream:short)%00%(objectname)%00%(upstream:track)%00%(upstream:remotename)%00%(upstream:remoteref) refs/heads/master refs/remotes/master [2ms]
2025-04-12 11:30:57.268 [warning] [Git][revParse] Unable to read file: ENOENT: no such file or directory, open '/root/keysight-challenge-2025/.git/refs/remotes/origin/master'
2025-04-12 11:30:57.270 [info] > git rev-parse refs/remotes/origin/master [2ms]
2025-04-12 11:30:57.291 [info] > git for-each-ref --sort -committerdate --format %(refname)%00%(objectname)%00%(*objectname) [3ms]
2025-04-12 11:30:57.369 [info] > git status -z -uall [90ms]
2025-04-12 11:31:13.072 [info] > git config --get commit.template [12ms]
2025-04-12 11:31:13.075 [info] > git for-each-ref --format=%(refname)%00%(upstream:short)%00%(objectname)%00%(upstream:track)%00%(upstream:remotename)%00%(upstream:remoteref) refs/heads/master refs/remotes/master [3ms]
2025-04-12 11:31:13.084 [warning] [Git][revParse] Unable to read file: ENOENT: no such file or directory, open '/root/keysight-challenge-2025/.git/refs/remotes/origin/master'
2025-04-12 11:31:13.088 [info] > git rev-parse refs/remotes/origin/master [3ms]
2025-04-12 11:31:13.109 [info] > git for-each-ref --sort -committerdate --format %(refname)%00%(objectname)%00%(*objectname) [4ms]
2025-04-12 11:31:13.187 [info] > git status -z -uall [91ms]
2025-04-12 11:31:18.219 [info] > git config --get commit.template [12ms]
2025-04-12 11:31:18.220 [info] > git for-each-ref --format=%(refname)%00%(upstream:short)%00%(objectname)%00%(upstream:track)%00%(upstream:remotename)%00%(upstream:remoteref) refs/heads/master refs/remotes/master [4ms]
2025-04-12 11:31:18.228 [warning] [Git][revParse] Unable to read file: ENOENT: no such file or directory, open '/root/keysight-challenge-2025/.git/refs/remotes/origin/master'
2025-04-12 11:31:18.230 [info] > git rev-parse refs/remotes/origin/master [2ms]
2025-04-12 11:31:18.250 [info] > git for-each-ref --sort -committerdate --format %(refname)%00%(objectname)%00%(*objectname) [3ms]
2025-04-12 11:31:18.327 [info] > git status -z -uall [88ms]
2025-04-12 11:31:56.624 [info] > git config --get commit.template [14ms]
2025-04-12 11:31:56.627 [info] > git for-each-ref --format=%(refname)%00%(upstream:short)%00%(objectname)%00%(upstream:track)%00%(upstream:remotename)%00%(upstream:remoteref) refs/heads/master refs/remotes/master [4ms]
2025-04-12 11:31:56.639 [warning] [Git][revParse] Unable to read file: ENOENT: no such file or directory, open '/root/keysight-challenge-2025/.git/refs/remotes/origin/master'
2025-04-12 11:31:56.642 [info] > git rev-parse refs/remotes/origin/master [3ms]
2025-04-12 11:31:56.667 [info] > git for-each-ref --sort -committerdate --format %(refname)%00%(objectname)%00%(*objectname) [2ms]
2025-04-12 11:31:56.747 [info] > git status -z -uall [95ms]
2025-04-12 11:32:14.960 [info] > git config --get commit.template [12ms]
2025-04-12 11:32:14.961 [info] > git for-each-ref --format=%(refname)%00%(upstream:short)%00%(objectname)%00%(upstream:track)%00%(upstream:remotename)%00%(upstream:remoteref) refs/heads/master refs/remotes/master [3ms]
2025-04-12 11:32:14.971 [warning] [Git][revParse] Unable to read file: ENOENT: no such file or directory, open '/root/keysight-challenge-2025/.git/refs/remotes/origin/master'
2025-04-12 11:32:14.974 [info] > git rev-parse refs/remotes/origin/master [3ms]
2025-04-12 11:32:14.996 [info] > git for-each-ref --sort -committerdate --format %(refname)%00%(objectname)%00%(*objectname) [3ms]
2025-04-12 11:32:15.104 [info] > git status -z -uall [120ms]
2025-04-12 11:33:31.929 [info] > git config --get commit.template [12ms]
2025-04-12 11:33:31.931 [info] > git for-each-ref --format=%(refname)%00%(upstream:short)%00%(objectname)%00%(upstream:track)%00%(upstream:remotename)%00%(upstream:remoteref) refs/heads/master refs/remotes/master [3ms]
2025-04-12 11:33:31.939 [warning] [Git][revParse] Unable to read file: ENOENT: no such file or directory, open '/root/keysight-challenge-2025/.git/refs/remotes/origin/master'
2025-04-12 11:33:31.942 [info] > git rev-parse refs/remotes/origin/master [3ms]
2025-04-12 11:33:31.965 [info] > git for-each-ref --sort -committerdate --format %(refname)%00%(objectname)%00%(*objectname) [3ms]
2025-04-12 11:33:32.040 [info] > git status -z -uall [89ms]
2025-04-12 11:34:05.909 [info] > git config --get commit.template [9ms]
2025-04-12 11:34:05.911 [info] > git for-each-ref --format=%(refname)%00%(upstream:short)%00%(objectname)%00%(upstream:track)%00%(upstream:remotename)%00%(upstream:remoteref) refs/heads/master refs/remotes/master [3ms]
2025-04-12 11:34:05.919 [warning] [Git][revParse] Unable to read file: ENOENT: no such file or directory, open '/root/keysight-challenge-2025/.git/refs/remotes/origin/master'
2025-04-12 11:34:05.921 [info] > git rev-parse refs/remotes/origin/master [2ms]
2025-04-12 11:34:05.942 [info] > git for-each-ref --sort -committerdate --format %(refname)%00%(objectname)%00%(*objectname) [3ms]
2025-04-12 11:34:06.019 [info] > git status -z -uall [89ms]
2025-04-12 11:38:12.757 [info] > git config --get commit.template [15ms]
2025-04-12 11:38:12.759 [info] > git for-each-ref --format=%(refname)%00%(upstream:short)%00%(objectname)%00%(upstream:track)%00%(upstream:remotename)%00%(upstream:remoteref) refs/heads/master refs/remotes/master [3ms]
2025-04-12 11:38:12.771 [warning] [Git][revParse] Unable to read file: ENOENT: no such file or directory, open '/root/keysight-challenge-2025/.git/refs/remotes/origin/master'
2025-04-12 11:38:12.774 [info] > git rev-parse refs/remotes/origin/master [3ms]
2025-04-12 11:38:12.798 [info] > git for-each-ref --sort -committerdate --format %(refname)%00%(objectname)%00%(*objectname) [3ms]
2025-04-12 11:38:12.875 [info] > git status -z -uall [91ms]
2025-04-12 11:38:17.895 [info] > git config --get commit.template [3ms]
2025-04-12 11:38:17.908 [info] > git for-each-ref --format=%(refname)%00%(upstream:short)%00%(objectname)%00%(upstream:track)%00%(upstream:remotename)%00%(upstream:remoteref) refs/heads/master refs/remotes/master [4ms]
2025-04-12 11:38:17.917 [warning] [Git][revParse] Unable to read file: ENOENT: no such file or directory, open '/root/keysight-challenge-2025/.git/refs/remotes/origin/master'
2025-04-12 11:38:17.919 [info] > git rev-parse refs/remotes/origin/master [2ms]
2025-04-12 11:38:17.940 [info] > git for-each-ref --sort -committerdate --format %(refname)%00%(objectname)%00%(*objectname) [2ms]
2025-04-12 11:38:18.015 [info] > git status -z -uall [88ms]
2025-04-12 11:38:19.316 [info] > git show --textconv :src/gpu-router.cpp [13ms]
2025-04-12 11:38:19.319 [info] > git ls-files --stage -- src/gpu-router.cpp [4ms]
2025-04-12 11:38:19.333 [info] > git cat-file -s a16bb133b163f3d438a7ba91b0c5c037de9d46ae [4ms]
2025-04-12 11:38:19.387 [info] > git blame --root --incremental 45843a8fa65173a583791889402ec7e603692ba0 -- src/gpu-router.cpp [4ms]
2025-04-12 11:38:23.039 [info] > git config --get commit.template [1ms]
2025-04-12 11:38:23.053 [info] > git for-each-ref --format=%(refname)%00%(upstream:short)%00%(objectname)%00%(upstream:track)%00%(upstream:remotename)%00%(upstream:remoteref) refs/heads/master refs/remotes/master [3ms]
2025-04-12 11:38:23.063 [warning] [Git][revParse] Unable to read file: ENOENT: no such file or directory, open '/root/keysight-challenge-2025/.git/refs/remotes/origin/master'
2025-04-12 11:38:23.066 [info] > git rev-parse refs/remotes/origin/master [3ms]
2025-04-12 11:38:23.090 [info] > git for-each-ref --sort -committerdate --format %(refname)%00%(objectname)%00%(*objectname) [3ms]
2025-04-12 11:38:23.173 [info] > git status -z -uall [98ms]
2025-04-12 11:38:30.059 [info] > git config --get commit.template [11ms]
2025-04-12 11:38:30.060 [info] > git for-each-ref --format=%(refname)%00%(upstream:short)%00%(objectname)%00%(upstream:track)%00%(upstream:remotename)%00%(upstream:remoteref) refs/heads/master refs/remotes/master [2ms]
2025-04-12 11:38:30.070 [warning] [Git][revParse] Unable to read file: ENOENT: no such file or directory, open '/root/keysight-challenge-2025/.git/refs/remotes/origin/master'
2025-04-12 11:38:30.073 [info] > git rev-parse refs/remotes/origin/master [3ms]
2025-04-12 11:38:30.097 [info] > git for-each-ref --sort -committerdate --format %(refname)%00%(objectname)%00%(*objectname) [3ms]
2025-04-12 11:38:30.177 [info] > git status -z -uall [93ms]
2025-04-12 11:38:38.089 [info] > git check-ignore -v -z --stdin [2ms]
2025-04-12 11:38:38.823 [info] > git config --get commit.template [11ms]
2025-04-12 11:38:38.827 [info] > git for-each-ref --format=%(refname)%00%(upstream:short)%00%(objectname)%00%(upstream:track)%00%(upstream:remotename)%00%(upstream:remoteref) refs/heads/master refs/remotes/master [4ms]
2025-04-12 11:38:38.835 [warning] [Git][revParse] Unable to read file: ENOENT: no such file or directory, open '/root/keysight-challenge-2025/.git/refs/remotes/origin/master'
2025-04-12 11:38:38.839 [info] > git rev-parse refs/remotes/origin/master [4ms]
2025-04-12 11:38:38.861 [info] > git for-each-ref --sort -committerdate --format %(refname)%00%(objectname)%00%(*objectname) [3ms]
2025-04-12 11:38:38.942 [info] > git status -z -uall [94ms]
2025-04-12 11:38:39.254 [info] > git check-ignore -v -z --stdin [3ms]
2025-04-12 11:38:43.969 [info] > git config --get commit.template [11ms]
2025-04-12 11:38:43.970 [info] > git for-each-ref --format=%(refname)%00%(upstream:short)%00%(objectname)%00%(upstream:track)%00%(upstream:remotename)%00%(upstream:remoteref) refs/heads/master refs/remotes/master [2ms]
2025-04-12 11:38:43.978 [warning] [Git][revParse] Unable to read file: ENOENT: no such file or directory, open '/root/keysight-challenge-2025/.git/refs/remotes/origin/master'
2025-04-12 11:38:43.980 [info] > git rev-parse refs/remotes/origin/master [2ms]
2025-04-12 11:38:44.002 [info] > git for-each-ref --sort -committerdate --format %(refname)%00%(objectname)%00%(*objectname) [3ms]
2025-04-12 11:38:44.101 [info] > git status -z -uall [111ms]
2025-04-12 11:38:46.052 [info] > git check-ignore -v -z --stdin [2ms]
2025-04-12 11:38:49.137 [info] > git config --get commit.template [11ms]
2025-04-12 11:38:49.140 [info] > git for-each-ref --format=%(refname)%00%(upstream:short)%00%(objectname)%00%(upstream:track)%00%(upstream:remotename)%00%(upstream:remoteref) refs/heads/master refs/remotes/master [4ms]
2025-04-12 11:38:49.154 [warning] [Git][revParse] Unable to read file: ENOENT: no such file or directory, open '/root/keysight-challenge-2025/.git/refs/remotes/origin/master'
2025-04-12 11:38:49.159 [info] > git rev-parse refs/remotes/origin/master [5ms]
2025-04-12 11:38:49.184 [info] > git for-each-ref --sort -committerdate --format %(refname)%00%(objectname)%00%(*objectname) [5ms]
2025-04-12 11:38:49.258 [info] > git status -z -uall [91ms]
2025-04-12 11:38:54.287 [info] > git config --get commit.template [11ms]
2025-04-12 11:38:54.288 [info] > git for-each-ref --format=%(refname)%00%(upstream:short)%00%(objectname)%00%(upstream:track)%00%(upstream:remotename)%00%(upstream:remoteref) refs/heads/master refs/remotes/master [3ms]
2025-04-12 11:38:54.296 [warning] [Git][revParse] Unable to read file: ENOENT: no such file or directory, open '/root/keysight-challenge-2025/.git/refs/remotes/origin/master'
2025-04-12 11:38:54.298 [info] > git rev-parse refs/remotes/origin/master [2ms]
2025-04-12 11:38:54.317 [info] > git for-each-ref --sort -committerdate --format %(refname)%00%(objectname)%00%(*objectname) [2ms]
2025-04-12 11:38:54.394 [info] > git status -z -uall [88ms]
2025-04-12 11:39:01.345 [info] > git config --get commit.template [11ms]
2025-04-12 11:39:01.347 [info] > git for-each-ref --format=%(refname)%00%(upstream:short)%00%(objectname)%00%(upstream:track)%00%(upstream:remotename)%00%(upstream:remoteref) refs/heads/master refs/remotes/master [3ms]
2025-04-12 11:39:01.357 [warning] [Git][revParse] Unable to read file: ENOENT: no such file or directory, open '/root/keysight-challenge-2025/.git/refs/remotes/origin/master'
2025-04-12 11:39:01.358 [info] > git rev-parse refs/remotes/origin/master [1ms]
2025-04-12 11:39:01.380 [info] > git for-each-ref --sort -committerdate --format %(refname)%00%(objectname)%00%(*objectname) [3ms]
2025-04-12 11:39:01.461 [info] > git status -z -uall [94ms]
2025-04-12 11:39:51.990 [info] > git config --get commit.template [10ms]
2025-04-12 11:39:51.991 [info] > git for-each-ref --format=%(refname)%00%(upstream:short)%00%(objectname)%00%(upstream:track)%00%(upstream:remotename)%00%(upstream:remoteref) refs/heads/master refs/remotes/master [2ms]
2025-04-12 11:39:52.001 [warning] [Git][revParse] Unable to read file: ENOENT: no such file or directory, open '/root/keysight-challenge-2025/.git/refs/remotes/origin/master'
2025-04-12 11:39:52.004 [info] > git rev-parse refs/remotes/origin/master [3ms]
2025-04-12 11:39:52.024 [info] > git for-each-ref --sort -committerdate --format %(refname)%00%(objectname)%00%(*objectname) [3ms]
2025-04-12 11:39:52.146 [info] > git status -z -uall [134ms]
2025-04-12 11:40:23.487 [info] > git show --textconv :src/gpu-router.cpp [12ms]
2025-04-12 11:40:23.489 [info] > git ls-files --stage -- src/gpu-router.cpp [3ms]
2025-04-12 11:40:23.501 [info] > git cat-file -s a16bb133b163f3d438a7ba91b0c5c037de9d46ae [2ms]
2025-04-12 11:40:24.655 [info] > git config --get commit.template [11ms]
2025-04-12 11:40:24.657 [info] > git for-each-ref --format=%(refname)%00%(upstream:short)%00%(objectname)%00%(upstream:track)%00%(upstream:remotename)%00%(upstream:remoteref) refs/heads/master refs/remotes/master [3ms]
2025-04-12 11:40:24.666 [warning] [Git][revParse] Unable to read file: ENOENT: no such file or directory, open '/root/keysight-challenge-2025/.git/refs/remotes/origin/master'
2025-04-12 11:40:24.669 [info] > git rev-parse refs/remotes/origin/master [3ms]
2025-04-12 11:40:24.694 [info] > git for-each-ref --sort -committerdate --format %(refname)%00%(objectname)%00%(*objectname) [1ms]
2025-04-12 11:40:24.768 [info] > git status -z -uall [90ms]
2025-04-12 11:40:29.246 [info] > git check-ignore -v -z --stdin [2ms]
2025-04-12 11:40:30.437 [info] > git check-ignore -v -z --stdin [3ms]
2025-04-12 11:40:31.617 [info] > git config --get commit.template [13ms]
2025-04-12 11:40:31.618 [info] > git for-each-ref --format=%(refname)%00%(upstream:short)%00%(objectname)%00%(upstream:track)%00%(upstream:remotename)%00%(upstream:remoteref) refs/heads/master refs/remotes/master [3ms]
2025-04-12 11:40:31.628 [warning] [Git][revParse] Unable to read file: ENOENT: no such file or directory, open '/root/keysight-challenge-2025/.git/refs/remotes/origin/master'
2025-04-12 11:40:31.631 [info] > git rev-parse refs/remotes/origin/master [3ms]
2025-04-12 11:40:31.653 [info] > git for-each-ref --sort -committerdate --format %(refname)%00%(objectname)%00%(*objectname) [3ms]
2025-04-12 11:40:31.730 [info] > git status -z -uall [89ms]
2025-04-12 11:41:20.653 [info] > git config --get commit.template [10ms]
2025-04-12 11:41:20.656 [info] > git for-each-ref --format=%(refname)%00%(upstream:short)%00%(objectname)%00%(upstream:track)%00%(upstream:remotename)%00%(upstream:remoteref) refs/heads/master refs/remotes/master [4ms]
2025-04-12 11:41:20.665 [warning] [Git][revParse] Unable to read file: ENOENT: no such file or directory, open '/root/keysight-challenge-2025/.git/refs/remotes/origin/master'
2025-04-12 11:41:20.667 [info] > git rev-parse refs/remotes/origin/master [2ms]
2025-04-12 11:41:20.688 [info] > git for-each-ref --sort -committerdate --format %(refname)%00%(objectname)%00%(*objectname) [3ms]
2025-04-12 11:41:20.764 [info] > git status -z -uall [88ms]
2025-04-12 11:41:51.993 [info] > git config --get commit.template [10ms]
2025-04-12 11:41:51.995 [info] > git for-each-ref --format=%(refname)%00%(upstream:short)%00%(objectname)%00%(upstream:track)%00%(upstream:remotename)%00%(upstream:remoteref) refs/heads/master refs/remotes/master [3ms]
2025-04-12 11:41:52.004 [warning] [Git][revParse] Unable to read file: ENOENT: no such file or directory, open '/root/keysight-challenge-2025/.git/refs/remotes/origin/master'
2025-04-12 11:41:52.007 [info] > git rev-parse refs/remotes/origin/master [3ms]
2025-04-12 11:41:52.029 [info] > git for-each-ref --sort -committerdate --format %(refname)%00%(objectname)%00%(*objectname) [3ms]
2025-04-12 11:41:52.114 [info] > git status -z -uall [96ms]
2025-04-12 11:42:14.985 [info] > git config --get commit.template [11ms]
2025-04-12 11:42:14.987 [info] > git for-each-ref --format=%(refname)%00%(upstream:short)%00%(objectname)%00%(upstream:track)%00%(upstream:remotename)%00%(upstream:remoteref) refs/heads/master refs/remotes/master [3ms]
2025-04-12 11:42:14.995 [warning] [Git][revParse] Unable to read file: ENOENT: no such file or directory, open '/root/keysight-challenge-2025/.git/refs/remotes/origin/master'
2025-04-12 11:42:14.998 [info] > git rev-parse refs/remotes/origin/master [3ms]
2025-04-12 11:42:15.018 [info] > git for-each-ref --sort -committerdate --format %(refname)%00%(objectname)%00%(*objectname) [2ms]
2025-04-12 11:42:15.094 [info] > git status -z -uall [88ms]
2025-04-12 11:43:52.000 [info] > git config --get commit.template [13ms]
2025-04-12 11:43:52.003 [info] > git for-each-ref --format=%(refname)%00%(upstream:short)%00%(objectname)%00%(upstream:track)%00%(upstream:remotename)%00%(upstream:remoteref) refs/heads/master refs/remotes/master [4ms]
2025-04-12 11:43:52.013 [warning] [Git][revParse] Unable to read file: ENOENT: no such file or directory, open '/root/keysight-challenge-2025/.git/refs/remotes/origin/master'
2025-04-12 11:43:52.016 [info] > git rev-parse refs/remotes/origin/master [3ms]
2025-04-12 11:43:52.037 [info] > git for-each-ref --sort -committerdate --format %(refname)%00%(objectname)%00%(*objectname) [3ms]
2025-04-12 11:43:52.114 [info] > git status -z -uall [90ms]
2025-04-12 11:47:08.339 [info] > git config --get commit.template [15ms]
2025-04-12 11:47:08.340 [info] > git for-each-ref --format=%(refname)%00%(upstream:short)%00%(objectname)%00%(upstream:track)%00%(upstream:remotename)%00%(upstream:remoteref) refs/heads/master refs/remotes/master [3ms]
2025-04-12 11:47:08.352 [warning] [Git][revParse] Unable to read file: ENOENT: no such file or directory, open '/root/keysight-challenge-2025/.git/refs/remotes/origin/master'
2025-04-12 11:47:08.355 [info] > git rev-parse refs/remotes/origin/master [3ms]
2025-04-12 11:47:08.381 [info] > git for-each-ref --sort -committerdate --format %(refname)%00%(objectname)%00%(*objectname) [3ms]
2025-04-12 11:47:08.463 [info] > git status -z -uall [95ms]
2025-04-12 11:47:13.491 [info] > git config --get commit.template [11ms]
2025-04-12 11:47:13.492 [info] > git for-each-ref --format=%(refname)%00%(upstream:short)%00%(objectname)%00%(upstream:track)%00%(upstream:remotename)%00%(upstream:remoteref) refs/heads/master refs/remotes/master [2ms]
2025-04-12 11:47:13.500 [warning] [Git][revParse] Unable to read file: ENOENT: no such file or directory, open '/root/keysight-challenge-2025/.git/refs/remotes/origin/master'
2025-04-12 11:47:13.503 [info] > git rev-parse refs/remotes/origin/master [2ms]
2025-04-12 11:47:13.523 [info] > git for-each-ref --sort -committerdate --format %(refname)%00%(objectname)%00%(*objectname) [3ms]
2025-04-12 11:47:13.601 [info] > git status -z -uall [89ms]
2025-04-12 11:47:18.631 [info] > git config --get commit.template [13ms]
2025-04-12 11:47:18.632 [info] > git for-each-ref --format=%(refname)%00%(upstream:short)%00%(objectname)%00%(upstream:track)%00%(upstream:remotename)%00%(upstream:remoteref) refs/heads/master refs/remotes/master [2ms]
2025-04-12 11:47:18.641 [warning] [Git][revParse] Unable to read file: ENOENT: no such file or directory, open '/root/keysight-challenge-2025/.git/refs/remotes/origin/master'
2025-04-12 11:47:18.643 [info] > git rev-parse refs/remotes/origin/master [2ms]
2025-04-12 11:47:18.666 [info] > git for-each-ref --sort -committerdate --format %(refname)%00%(objectname)%00%(*objectname) [3ms]
2025-04-12 11:47:18.742 [info] > git status -z -uall [90ms]
2025-04-12 11:47:52.027 [info] > git config --get commit.template [10ms]
2025-04-12 11:47:52.029 [info] > git for-each-ref --format=%(refname)%00%(upstream:short)%00%(objectname)%00%(upstream:track)%00%(upstream:remotename)%00%(upstream:remoteref) refs/heads/master refs/remotes/master [3ms]
2025-04-12 11:47:52.037 [warning] [Git][revParse] Unable to read file: ENOENT: no such file or directory, open '/root/keysight-challenge-2025/.git/refs/remotes/origin/master'
2025-04-12 11:47:52.040 [info] > git rev-parse refs/remotes/origin/master [3ms]
2025-04-12 11:47:52.064 [info] > git for-each-ref --sort -committerdate --format %(refname)%00%(objectname)%00%(*objectname) [3ms]
2025-04-12 11:47:52.160 [info] > git status -z -uall [109ms]
2025-04-12 11:52:15.005 [info] > git config --get commit.template [13ms]
2025-04-12 11:52:15.007 [info] > git for-each-ref --format=%(refname)%00%(upstream:short)%00%(objectname)%00%(upstream:track)%00%(upstream:remotename)%00%(upstream:remoteref) refs/heads/master refs/remotes/master [4ms]
2025-04-12 11:52:15.017 [warning] [Git][revParse] Unable to read file: ENOENT: no such file or directory, open '/root/keysight-challenge-2025/.git/refs/remotes/origin/master'
2025-04-12 11:52:15.020 [info] > git rev-parse refs/remotes/origin/master [4ms]
2025-04-12 11:52:15.042 [info] > git for-each-ref --sort -committerdate --format %(refname)%00%(objectname)%00%(*objectname) [3ms]
2025-04-12 11:52:15.120 [info] > git status -z -uall [91ms]
2025-04-12 11:52:20.947 [info] > git config --get commit.template [11ms]
2025-04-12 11:52:20.949 [info] > git for-each-ref --format=%(refname)%00%(upstream:short)%00%(objectname)%00%(upstream:track)%00%(upstream:remotename)%00%(upstream:remoteref) refs/heads/master refs/remotes/master [3ms]
2025-04-12 11:52:20.958 [warning] [Git][revParse] Unable to read file: ENOENT: no such file or directory, open '/root/keysight-challenge-2025/.git/refs/remotes/origin/master'
2025-04-12 11:52:20.960 [info] > git rev-parse refs/remotes/origin/master [2ms]
2025-04-12 11:52:20.982 [info] > git for-each-ref --sort -committerdate --format %(refname)%00%(objectname)%00%(*objectname) [2ms]
2025-04-12 11:52:21.061 [info] > git status -z -uall [91ms]
2025-04-12 11:52:52.042 [info] > git config --get commit.template [11ms]
2025-04-12 11:52:52.043 [info] > git for-each-ref --format=%(refname)%00%(upstream:short)%00%(objectname)%00%(upstream:track)%00%(upstream:remotename)%00%(upstream:remoteref) refs/heads/master refs/remotes/master [3ms]
2025-04-12 11:52:52.053 [warning] [Git][revParse] Unable to read file: ENOENT: no such file or directory, open '/root/keysight-challenge-2025/.git/refs/remotes/origin/master'
2025-04-12 11:52:52.056 [info] > git rev-parse refs/remotes/origin/master [4ms]
2025-04-12 11:52:52.079 [info] > git for-each-ref --sort -committerdate --format %(refname)%00%(objectname)%00%(*objectname) [4ms]
2025-04-12 11:52:52.159 [info] > git status -z -uall [94ms]
2025-04-12 11:53:00.291 [info] > git config --get commit.template [14ms]
2025-04-12 11:53:00.294 [info] > git for-each-ref --format=%(refname)%00%(upstream:short)%00%(objectname)%00%(upstream:track)%00%(upstream:remotename)%00%(upstream:remoteref) refs/heads/master refs/remotes/master [3ms]
2025-04-12 11:53:00.305 [warning] [Git][revParse] Unable to read file: ENOENT: no such file or directory, open '/root/keysight-challenge-2025/.git/refs/remotes/origin/master'
2025-04-12 11:53:00.307 [info] > git rev-parse refs/remotes/origin/master [3ms]
2025-04-12 11:53:00.341 [info] > git for-each-ref --sort -committerdate --format %(refname)%00%(objectname)%00%(*objectname) [6ms]
2025-04-12 11:53:00.420 [info] > git status -z -uall [96ms]
2025-04-12 11:54:17.717 [info] > git config --get commit.template [14ms]
2025-04-12 11:54:17.720 [info] > git for-each-ref --format=%(refname)%00%(upstream:short)%00%(objectname)%00%(upstream:track)%00%(upstream:remotename)%00%(upstream:remoteref) refs/heads/master refs/remotes/master [3ms]
2025-04-12 11:54:17.732 [warning] [Git][revParse] Unable to read file: ENOENT: no such file or directory, open '/root/keysight-challenge-2025/.git/refs/remotes/origin/master'
2025-04-12 11:54:17.737 [info] > git rev-parse refs/remotes/origin/master [5ms]
2025-04-12 11:54:17.763 [info] > git for-each-ref --sort -committerdate --format %(refname)%00%(objectname)%00%(*objectname) [2ms]
2025-04-12 11:54:17.848 [info] > git status -z -uall [100ms]
2025-04-12 11:54:34.163 [info] > git config --get commit.template [14ms]
2025-04-12 11:54:34.165 [info] > git for-each-ref --format=%(refname)%00%(upstream:short)%00%(objectname)%00%(upstream:track)%00%(upstream:remotename)%00%(upstream:remoteref) refs/heads/master refs/remotes/master [5ms]
2025-04-12 11:54:34.176 [warning] [Git][revParse] Unable to read file: ENOENT: no such file or directory, open '/root/keysight-challenge-2025/.git/refs/remotes/origin/master'
2025-04-12 11:54:34.180 [info] > git rev-parse refs/remotes/origin/master [4ms]
2025-04-12 11:54:34.203 [info] > git for-each-ref --sort -committerdate --format %(refname)%00%(objectname)%00%(*objectname) [4ms]
2025-04-12 11:54:34.280 [info] > git status -z -uall [91ms]
2025-04-12 11:56:19.958 [info] > git config --get commit.template [12ms]
2025-04-12 11:56:19.960 [info] > git for-each-ref --format=%(refname)%00%(upstream:short)%00%(objectname)%00%(upstream:track)%00%(upstream:remotename)%00%(upstream:remoteref) refs/heads/master refs/remotes/master [3ms]
2025-04-12 11:56:19.969 [warning] [Git][revParse] Unable to read file: ENOENT: no such file or directory, open '/root/keysight-challenge-2025/.git/refs/remotes/origin/master'
2025-04-12 11:56:19.974 [info] > git rev-parse refs/remotes/origin/master [5ms]
2025-04-12 11:56:20.002 [info] > git for-each-ref --sort -committerdate --format %(refname)%00%(objectname)%00%(*objectname) [5ms]
2025-04-12 11:56:20.123 [info] > git status -z -uall [137ms]
2025-04-12 11:59:55.949 [info] > git config --get commit.template [14ms]
2025-04-12 11:59:55.951 [info] > git for-each-ref --format=%(refname)%00%(upstream:short)%00%(objectname)%00%(upstream:track)%00%(upstream:remotename)%00%(upstream:remoteref) refs/heads/master refs/remotes/master [3ms]
2025-04-12 11:59:55.963 [warning] [Git][revParse] Unable to read file: ENOENT: no such file or directory, open '/root/keysight-challenge-2025/.git/refs/remotes/origin/master'
2025-04-12 11:59:55.967 [info] > git rev-parse refs/remotes/origin/master [4ms]
2025-04-12 11:59:55.995 [info] > git for-each-ref --sort -committerdate --format %(refname)%00%(objectname)%00%(*objectname) [3ms]
2025-04-12 11:59:56.074 [info] > git status -z -uall [94ms]
2025-04-12 12:00:01.109 [info] > git config --get commit.template [12ms]
2025-04-12 12:00:01.110 [info] > git for-each-ref --format=%(refname)%00%(upstream:short)%00%(objectname)%00%(upstream:track)%00%(upstream:remotename)%00%(upstream:remoteref) refs/heads/master refs/remotes/master [2ms]
2025-04-12 12:00:01.119 [warning] [Git][revParse] Unable to read file: ENOENT: no such file or directory, open '/root/keysight-challenge-2025/.git/refs/remotes/origin/master'
2025-04-12 12:00:01.122 [info] > git rev-parse refs/remotes/origin/master [3ms]
2025-04-12 12:00:01.144 [info] > git for-each-ref --sort -committerdate --format %(refname)%00%(objectname)%00%(*objectname) [4ms]
2025-04-12 12:00:01.221 [info] > git status -z -uall [90ms]
2025-04-12 12:00:19.136 [info] > git config --get commit.template [13ms]
2025-04-12 12:00:19.139 [info] > git for-each-ref --format=%(refname)%00%(upstream:short)%00%(objectname)%00%(upstream:track)%00%(upstream:remotename)%00%(upstream:remoteref) refs/heads/master refs/remotes/master [6ms]
2025-04-12 12:00:19.152 [warning] [Git][revParse] Unable to read file: ENOENT: no such file or directory, open '/root/keysight-challenge-2025/.git/refs/remotes/origin/master'
2025-04-12 12:00:19.154 [info] > git rev-parse refs/remotes/origin/master [3ms]
2025-04-12 12:00:19.176 [info] > git for-each-ref --sort -committerdate --format %(refname)%00%(objectname)%00%(*objectname) [3ms]
2025-04-12 12:00:19.255 [info] > git status -z -uall [92ms]
2025-04-12 12:02:21.106 [info] > git config --get commit.template [13ms]
2025-04-12 12:02:21.109 [info] > git for-each-ref --format=%(refname)%00%(upstream:short)%00%(objectname)%00%(upstream:track)%00%(upstream:remotename)%00%(upstream:remoteref) refs/heads/master refs/remotes/master [5ms]
2025-04-12 12:02:21.122 [warning] [Git][revParse] Unable to read file: ENOENT: no such file or directory, open '/root/keysight-challenge-2025/.git/refs/remotes/origin/master'
2025-04-12 12:02:21.125 [info] > git rev-parse refs/remotes/origin/master [3ms]
2025-04-12 12:02:21.161 [info] > git for-each-ref --sort -committerdate --format %(refname)%00%(objectname)%00%(*objectname) [4ms]
2025-04-12 12:02:21.282 [info] > git status -z -uall [140ms]
2025-04-12 12:02:27.018 [info] > git config --get commit.template [12ms]
2025-04-12 12:02:27.022 [info] > git for-each-ref --format=%(refname)%00%(upstream:short)%00%(objectname)%00%(upstream:track)%00%(upstream:remotename)%00%(upstream:remoteref) refs/heads/master refs/remotes/master [5ms]
2025-04-12 12:02:27.033 [warning] [Git][revParse] Unable to read file: ENOENT: no such file or directory, open '/root/keysight-challenge-2025/.git/refs/remotes/origin/master'
2025-04-12 12:02:27.037 [info] > git rev-parse refs/remotes/origin/master [3ms]
2025-04-12 12:02:27.065 [info] > git for-each-ref --sort -committerdate --format %(refname)%00%(objectname)%00%(*objectname) [3ms]
2025-04-12 12:02:27.203 [info] > git status -z -uall [151ms]
2025-04-12 12:02:49.226 [info] > git config --get commit.template [12ms]
2025-04-12 12:02:49.228 [info] > git for-each-ref --format=%(refname)%00%(upstream:short)%00%(objectname)%00%(upstream:track)%00%(upstream:remotename)%00%(upstream:remoteref) refs/heads/master refs/remotes/master [3ms]
2025-04-12 12:02:49.243 [warning] [Git][revParse] Unable to read file: ENOENT: no such file or directory, open '/root/keysight-challenge-2025/.git/refs/remotes/origin/master'
2025-04-12 12:02:49.246 [info] > git rev-parse refs/remotes/origin/master [3ms]
2025-04-12 12:02:49.271 [info] > git for-each-ref --sort -committerdate --format %(refname)%00%(objectname)%00%(*objectname) [4ms]
2025-04-12 12:02:49.355 [info] > git status -z -uall [98ms]
2025-04-12 12:03:06.943 [info] > git show --textconv :README.md [14ms]
2025-04-12 12:03:06.948 [info] > git ls-files --stage -- README.md [6ms]
2025-04-12 12:03:06.967 [info] > git cat-file -s cd43ec3c7aad4dfb69f000b0e584915639f072e7 [3ms]
2025-04-12 12:03:08.637 [info] > git config --get commit.template [12ms]
2025-04-12 12:03:08.639 [info] > git for-each-ref --format=%(refname)%00%(upstream:short)%00%(objectname)%00%(upstream:track)%00%(upstream:remotename)%00%(upstream:remoteref) refs/heads/master refs/remotes/master [2ms]
2025-04-12 12:03:08.650 [warning] [Git][revParse] Unable to read file: ENOENT: no such file or directory, open '/root/keysight-challenge-2025/.git/refs/remotes/origin/master'
2025-04-12 12:03:08.655 [info] > git rev-parse refs/remotes/origin/master [5ms]
2025-04-12 12:03:08.678 [info] > git for-each-ref --sort -committerdate --format %(refname)%00%(objectname)%00%(*objectname) [3ms]
2025-04-12 12:03:08.755 [info] > git status -z -uall [91ms]
2025-04-12 12:03:32.762 [info] > git config --get commit.template [14ms]
2025-04-12 12:03:32.766 [info] > git for-each-ref --format=%(refname)%00%(upstream:short)%00%(objectname)%00%(upstream:track)%00%(upstream:remotename)%00%(upstream:remoteref) refs/heads/master refs/remotes/master [6ms]
2025-04-12 12:03:32.777 [warning] [Git][revParse] Unable to read file: ENOENT: no such file or directory, open '/root/keysight-challenge-2025/.git/refs/remotes/origin/master'
2025-04-12 12:03:32.780 [info] > git rev-parse refs/remotes/origin/master [4ms]
2025-04-12 12:03:32.804 [info] > git for-each-ref --sort -committerdate --format %(refname)%00%(objectname)%00%(*objectname) [3ms]
2025-04-12 12:03:32.881 [info] > git status -z -uall [91ms]
2025-04-12 12:09:06.933 [info] > git config --get commit.template [16ms]
2025-04-12 12:09:06.938 [info] > git for-each-ref --format=%(refname)%00%(upstream:short)%00%(objectname)%00%(upstream:track)%00%(upstream:remotename)%00%(upstream:remoteref) refs/heads/master refs/remotes/master [6ms]
2025-04-12 12:09:06.949 [warning] [Git][revParse] Unable to read file: ENOENT: no such file or directory, open '/root/keysight-challenge-2025/.git/refs/remotes/origin/master'
2025-04-12 12:09:06.956 [info] > git rev-parse refs/remotes/origin/master [6ms]
2025-04-12 12:09:06.984 [info] > git for-each-ref --sort -committerdate --format %(refname)%00%(objectname)%00%(*objectname) [3ms]
2025-04-12 12:09:07.067 [info] > git status -z -uall [96ms]
2025-04-12 12:11:24.685 [info] > git show --textconv :src/CMakeLists.txt [15ms]
2025-04-12 12:11:24.687 [info] > git ls-files --stage -- src/CMakeLists.txt [2ms]
2025-04-12 12:11:24.698 [info] > git cat-file -s 534c3e32ffe144d70755dd3f8a71fedd57efa269 [2ms]
2025-04-12 12:11:25.775 [info] > git config --get commit.template [11ms]
2025-04-12 12:11:25.777 [info] > git for-each-ref --format=%(refname)%00%(upstream:short)%00%(objectname)%00%(upstream:track)%00%(upstream:remotename)%00%(upstream:remoteref) refs/heads/master refs/remotes/master [3ms]
2025-04-12 12:11:25.786 [warning] [Git][revParse] Unable to read file: ENOENT: no such file or directory, open '/root/keysight-challenge-2025/.git/refs/remotes/origin/master'
2025-04-12 12:11:25.789 [info] > git rev-parse refs/remotes/origin/master [3ms]
2025-04-12 12:11:25.809 [info] > git for-each-ref --sort -committerdate --format %(refname)%00%(objectname)%00%(*objectname) [3ms]
2025-04-12 12:11:25.889 [info] > git status -z -uall [92ms]
2025-04-12 12:11:33.182 [info] > git show --textconv :CMakeLists.txt [12ms]
2025-04-12 12:11:33.184 [info] > git ls-files --stage -- CMakeLists.txt [2ms]
2025-04-12 12:11:33.195 [info] > git cat-file -s 150b98db261ded9304a41a4790360f06c8a71d67 [2ms]
2025-04-12 12:11:46.765 [info] > git show --textconv :src/CMakeLists.txt [11ms]
2025-04-12 12:11:46.767 [info] > git ls-files --stage -- src/CMakeLists.txt [3ms]
2025-04-12 12:11:46.779 [info] > git cat-file -s 534c3e32ffe144d70755dd3f8a71fedd57efa269 [2ms]
2025-04-12 12:15:22.143 [info] > git config --get commit.template [13ms]
2025-04-12 12:15:22.145 [info] > git for-each-ref --format=%(refname)%00%(upstream:short)%00%(objectname)%00%(upstream:track)%00%(upstream:remotename)%00%(upstream:remoteref) refs/heads/master refs/remotes/master [3ms]
2025-04-12 12:15:22.154 [warning] [Git][revParse] Unable to read file: ENOENT: no such file or directory, open '/root/keysight-challenge-2025/.git/refs/remotes/origin/master'
2025-04-12 12:15:22.156 [info] > git rev-parse refs/remotes/origin/master [3ms]
2025-04-12 12:15:22.179 [info] > git for-each-ref --sort -committerdate --format %(refname)%00%(objectname)%00%(*objectname) [3ms]
2025-04-12 12:15:22.256 [info] > git status -z -uall [91ms]
2025-04-12 12:15:27.287 [info] > git config --get commit.template [11ms]
2025-04-12 12:15:27.288 [info] > git for-each-ref --format=%(refname)%00%(upstream:short)%00%(objectname)%00%(upstream:track)%00%(upstream:remotename)%00%(upstream:remoteref) refs/heads/master refs/remotes/master [2ms]
2025-04-12 12:15:27.297 [warning] [Git][revParse] Unable to read file: ENOENT: no such file or directory, open '/root/keysight-challenge-2025/.git/refs/remotes/origin/master'
2025-04-12 12:15:27.299 [info] > git rev-parse refs/remotes/origin/master [2ms]
2025-04-12 12:15:27.320 [info] > git for-each-ref --sort -committerdate --format %(refname)%00%(objectname)%00%(*objectname) [3ms]
2025-04-12 12:15:27.398 [info] > git status -z -uall [90ms]
2025-04-12 12:16:03.718 [info] > git config --get commit.template [14ms]
2025-04-12 12:16:03.720 [info] > git for-each-ref --format=%(refname)%00%(upstream:short)%00%(objectname)%00%(upstream:track)%00%(upstream:remotename)%00%(upstream:remoteref) refs/heads/master refs/remotes/master [4ms]
2025-04-12 12:16:03.729 [warning] [Git][revParse] Unable to read file: ENOENT: no such file or directory, open '/root/keysight-challenge-2025/.git/refs/remotes/origin/master'
2025-04-12 12:16:03.732 [info] > git rev-parse refs/remotes/origin/master [3ms]
2025-04-12 12:16:03.755 [info] > git for-each-ref --sort -committerdate --format %(refname)%00%(objectname)%00%(*objectname) [3ms]
2025-04-12 12:16:03.837 [info] > git status -z -uall [95ms]
2025-04-12 12:17:22.808 [info] > git config --get commit.template [11ms]
2025-04-12 12:17:22.810 [info] > git for-each-ref --format=%(refname)%00%(upstream:short)%00%(objectname)%00%(upstream:track)%00%(upstream:remotename)%00%(upstream:remoteref) refs/heads/master refs/remotes/master [3ms]
2025-04-12 12:17:22.820 [warning] [Git][revParse] Unable to read file: ENOENT: no such file or directory, open '/root/keysight-challenge-2025/.git/refs/remotes/origin/master'
2025-04-12 12:17:22.822 [info] > git rev-parse refs/remotes/origin/master [2ms]
2025-04-12 12:17:22.847 [info] > git for-each-ref --sort -committerdate --format %(refname)%00%(objectname)%00%(*objectname) [3ms]
2025-04-12 12:17:22.924 [info] > git status -z -uall [92ms]
2025-04-12 12:17:47.680 [info] > git config --get commit.template [12ms]
2025-04-12 12:17:47.682 [info] > git for-each-ref --format=%(refname)%00%(upstream:short)%00%(objectname)%00%(upstream:track)%00%(upstream:remotename)%00%(upstream:remoteref) refs/heads/master refs/remotes/master [3ms]
2025-04-12 12:17:47.691 [warning] [Git][revParse] Unable to read file: ENOENT: no such file or directory, open '/root/keysight-challenge-2025/.git/refs/remotes/origin/master'
2025-04-12 12:17:47.694 [info] > git rev-parse refs/remotes/origin/master [3ms]
2025-04-12 12:17:47.715 [info] > git for-each-ref --sort -committerdate --format %(refname)%00%(objectname)%00%(*objectname) [3ms]
2025-04-12 12:17:47.792 [info] > git status -z -uall [88ms]
2025-04-12 12:18:02.231 [info] > git show --textconv :README.md [12ms]
2025-04-12 12:18:02.233 [info] > git ls-files --stage -- README.md [3ms]
2025-04-12 12:18:02.245 [info] > git cat-file -s cd43ec3c7aad4dfb69f000b0e584915639f072e7 [3ms]
2025-04-12 12:18:02.969 [info] > git show --textconv :src/gpu-router.cpp [14ms]
2025-04-12 12:18:02.971 [info] > git ls-files --stage -- src/gpu-router.cpp [3ms]
2025-04-12 12:18:02.984 [info] > git cat-file -s a16bb133b163f3d438a7ba91b0c5c037de9d46ae [3ms]
2025-04-12 12:18:04.065 [info] > git config --get commit.template [11ms]
2025-04-12 12:18:04.067 [info] > git for-each-ref --format=%(refname)%00%(upstream:short)%00%(objectname)%00%(upstream:track)%00%(upstream:remotename)%00%(upstream:remoteref) refs/heads/master refs/remotes/master [3ms]
2025-04-12 12:18:04.076 [warning] [Git][revParse] Unable to read file: ENOENT: no such file or directory, open '/root/keysight-challenge-2025/.git/refs/remotes/origin/master'
2025-04-12 12:18:04.078 [info] > git rev-parse refs/remotes/origin/master [2ms]
2025-04-12 12:18:04.099 [info] > git for-each-ref --sort -committerdate --format %(refname)%00%(objectname)%00%(*objectname) [3ms]
2025-04-12 12:18:04.180 [info] > git status -z -uall [93ms]
2025-04-12 12:18:19.191 [info] > git config --get commit.template [11ms]
2025-04-12 12:18:19.193 [info] > git for-each-ref --format=%(refname)%00%(upstream:short)%00%(objectname)%00%(upstream:track)%00%(upstream:remotename)%00%(upstream:remoteref) refs/heads/master refs/remotes/master [3ms]
2025-04-12 12:18:19.202 [warning] [Git][revParse] Unable to read file: ENOENT: no such file or directory, open '/root/keysight-challenge-2025/.git/refs/remotes/origin/master'
2025-04-12 12:18:19.204 [info] > git rev-parse refs/remotes/origin/master [2ms]
2025-04-12 12:18:19.226 [info] > git for-each-ref --sort -committerdate --format %(refname)%00%(objectname)%00%(*objectname) [3ms]
2025-04-12 12:18:19.301 [info] > git status -z -uall [87ms]
2025-04-12 12:18:40.156 [info] > git config --get commit.template [2ms]
2025-04-12 12:18:40.168 [info] > git for-each-ref --format=%(refname)%00%(upstream:short)%00%(objectname)%00%(upstream:track)%00%(upstream:remotename)%00%(upstream:remoteref) refs/heads/master refs/remotes/master [3ms]
2025-04-12 12:18:40.177 [warning] [Git][revParse] Unable to read file: ENOENT: no such file or directory, open '/root/keysight-challenge-2025/.git/refs/remotes/origin/master'
2025-04-12 12:18:40.179 [info] > git rev-parse refs/remotes/origin/master [2ms]
2025-04-12 12:18:40.201 [info] > git for-each-ref --sort -committerdate --format %(refname)%00%(objectname)%00%(*objectname) [3ms]
2025-04-12 12:18:40.276 [info] > git status -z -uall [88ms]
2025-04-12 12:18:45.870 [info] > git config --get commit.template [11ms]
2025-04-12 12:18:45.871 [info] > git for-each-ref --format=%(refname)%00%(upstream:short)%00%(objectname)%00%(upstream:track)%00%(upstream:remotename)%00%(upstream:remoteref) refs/heads/master refs/remotes/master [2ms]
2025-04-12 12:18:45.882 [warning] [Git][revParse] Unable to read file: ENOENT: no such file or directory, open '/root/keysight-challenge-2025/.git/refs/remotes/origin/master'
2025-04-12 12:18:45.884 [info] > git rev-parse refs/remotes/origin/master [3ms]
2025-04-12 12:18:45.904 [info] > git for-each-ref --sort -committerdate --format %(refname)%00%(objectname)%00%(*objectname) [2ms]
2025-04-12 12:18:45.981 [info] > git status -z -uall [88ms]
2025-04-12 12:18:51.012 [info] > git config --get commit.template [11ms]
2025-04-12 12:18:51.014 [info] > git for-each-ref --format=%(refname)%00%(upstream:short)%00%(objectname)%00%(upstream:track)%00%(upstream:remotename)%00%(upstream:remoteref) refs/heads/master refs/remotes/master [2ms]
2025-04-12 12:18:51.022 [warning] [Git][revParse] Unable to read file: ENOENT: no such file or directory, open '/root/keysight-challenge-2025/.git/refs/remotes/origin/master'
2025-04-12 12:18:51.024 [info] > git rev-parse refs/remotes/origin/master [2ms]
2025-04-12 12:18:51.045 [info] > git for-each-ref --sort -committerdate --format %(refname)%00%(objectname)%00%(*objectname) [2ms]
2025-04-12 12:18:51.121 [info] > git status -z -uall [87ms]
2025-04-12 12:18:56.143 [info] > git config --get commit.template [2ms]
2025-04-12 12:18:56.155 [info] > git for-each-ref --format=%(refname)%00%(upstream:short)%00%(objectname)%00%(upstream:track)%00%(upstream:remotename)%00%(upstream:remoteref) refs/heads/master refs/remotes/master [3ms]
2025-04-12 12:18:56.164 [warning] [Git][revParse] Unable to read file: ENOENT: no such file or directory, open '/root/keysight-challenge-2025/.git/refs/remotes/origin/master'
2025-04-12 12:18:56.166 [info] > git rev-parse refs/remotes/origin/master [2ms]
2025-04-12 12:18:56.188 [info] > git for-each-ref --sort -committerdate --format %(refname)%00%(objectname)%00%(*objectname) [3ms]
2025-04-12 12:18:56.266 [info] > git status -z -uall [91ms]
2025-04-12 12:19:01.282 [info] > git config --get commit.template [2ms]
2025-04-12 12:19:01.294 [info] > git for-each-ref --format=%(refname)%00%(upstream:short)%00%(objectname)%00%(upstream:track)%00%(upstream:remotename)%00%(upstream:remoteref) refs/heads/master refs/remotes/master [2ms]
2025-04-12 12:19:01.318 [info] > git for-each-ref --sort -committerdate --format %(refname)%00%(objectname)%00%(*objectname) [3ms]
2025-04-12 12:19:01.391 [info] > git status -z -uall [87ms]
2025-04-12 12:19:01.412 [info] > git merge-base refs/heads/master refs/remotes/origin/master [5ms]
2025-04-12 12:19:01.427 [info] > git diff --name-status -z --diff-filter=ADMR 45843a8fa65173a583791889402ec7e603692ba0...refs/remotes/origin/master [3ms]
2025-04-12 12:19:08.065 [info] > git config --get commit.template [11ms]
2025-04-12 12:19:08.067 [info] > git for-each-ref --format=%(refname)%00%(upstream:short)%00%(objectname)%00%(upstream:track)%00%(upstream:remotename)%00%(upstream:remoteref) refs/heads/master refs/remotes/master [2ms]
2025-04-12 12:19:08.089 [info] > git status -z -uall [11ms]
2025-04-12 12:19:08.090 [info] > git for-each-ref --sort -committerdate --format %(refname)%00%(objectname)%00%(*objectname) [2ms]
2025-04-12 12:19:13.660 [info] > git config --get commit.template [2ms]
2025-04-12 12:19:13.671 [info] > git for-each-ref --format=%(refname)%00%(upstream:short)%00%(objectname)%00%(upstream:track)%00%(upstream:remotename)%00%(upstream:remoteref) refs/heads/master refs/remotes/master [3ms]
2025-04-12 12:19:13.697 [info] > git status -z -uall [15ms]
2025-04-12 12:19:13.697 [info] > git for-each-ref --sort -committerdate --format %(refname)%00%(objectname)%00%(*objectname) [2ms]
2025-04-12 12:19:15.049 [info] > git config --get commit.template [10ms]
2025-04-12 12:19:15.051 [info] > git for-each-ref --format=%(refname)%00%(upstream:short)%00%(objectname)%00%(upstream:track)%00%(upstream:remotename)%00%(upstream:remoteref) refs/heads/master refs/remotes/master [2ms]
2025-04-12 12:19:15.072 [info] > git status -z -uall [11ms]
2025-04-12 12:19:15.074 [info] > git for-each-ref --sort -committerdate --format %(refname)%00%(objectname)%00%(*objectname) [2ms]
2025-04-12 12:19:21.278 [info] > git config --get commit.template [11ms]
2025-04-12 12:19:21.280 [info] > git for-each-ref --format=%(refname)%00%(upstream:short)%00%(objectname)%00%(upstream:track)%00%(upstream:remotename)%00%(upstream:remoteref) refs/heads/master refs/remotes/master [2ms]
2025-04-12 12:19:21.300 [info] > git status -z -uall [10ms]
2025-04-12 12:19:21.303 [info] > git for-each-ref --sort -committerdate --format %(refname)%00%(objectname)%00%(*objectname) [4ms]
2025-04-12 12:19:37.323 [info] > git config --get commit.template [2ms]
2025-04-12 12:19:37.338 [info] > git for-each-ref --format=%(refname)%00%(upstream:short)%00%(objectname)%00%(upstream:track)%00%(upstream:remotename)%00%(upstream:remoteref) refs/heads/master refs/remotes/master [3ms]
2025-04-12 12:19:37.362 [info] > git status -z -uall [13ms]
2025-04-12 12:19:37.363 [info] > git for-each-ref --sort -committerdate --format %(refname)%00%(objectname)%00%(*objectname) [3ms]
2025-04-12 12:19:47.359 [info] > git config --get commit.template [10ms]
2025-04-12 12:19:47.361 [info] > git for-each-ref --format=%(refname)%00%(upstream:short)%00%(objectname)%00%(upstream:track)%00%(upstream:remotename)%00%(upstream:remoteref) refs/heads/master refs/remotes/master [3ms]
2025-04-12 12:19:47.381 [info] > git status -z -uall [11ms]
2025-04-12 12:19:47.382 [info] > git for-each-ref --sort -committerdate --format %(refname)%00%(objectname)%00%(*objectname) [2ms]
2025-04-12 12:19:47.877 [info] > git config --get commit.template [10ms]
2025-04-12 12:19:47.879 [info] > git for-each-ref --format=%(refname)%00%(upstream:short)%00%(objectname)%00%(upstream:track)%00%(upstream:remotename)%00%(upstream:remoteref) refs/heads/master refs/remotes/master [3ms]
2025-04-12 12:19:47.900 [info] > git status -z -uall [10ms]
2025-04-12 12:19:47.902 [info] > git for-each-ref --sort -committerdate --format %(refname)%00%(objectname)%00%(*objectname) [2ms]
2025-04-12 12:19:47.919 [info] > git merge-base refs/heads/master refs/remotes/origin/master [3ms]
2025-04-12 12:19:47.937 [info] > git diff --name-status -z --diff-filter=ADMR 45843a8fa65173a583791889402ec7e603692ba0...refs/remotes/origin/master [3ms]
2025-04-12 12:19:52.410 [info] > git config --get commit.template [11ms]
2025-04-12 12:19:52.412 [info] > git for-each-ref --format=%(refname)%00%(upstream:short)%00%(objectname)%00%(upstream:track)%00%(upstream:remotename)%00%(upstream:remoteref) refs/heads/master refs/remotes/master [3ms]
2025-04-12 12:19:52.433 [info] > git status -z -uall [11ms]
2025-04-12 12:19:52.435 [info] > git for-each-ref --sort -committerdate --format %(refname)%00%(objectname)%00%(*objectname) [2ms]
2025-04-12 12:19:52.452 [info] > git merge-base refs/heads/master refs/remotes/origin/master [4ms]
2025-04-12 12:19:52.465 [info] > git diff --name-status -z --diff-filter=ADMR 45843a8fa65173a583791889402ec7e603692ba0...refs/remotes/origin/master [3ms]
2025-04-12 12:19:57.472 [info] > git config --get commit.template [10ms]
2025-04-12 12:19:57.474 [info] > git for-each-ref --format=%(refname)%00%(upstream:short)%00%(objectname)%00%(upstream:track)%00%(upstream:remotename)%00%(upstream:remoteref) refs/heads/master refs/remotes/master [2ms]
2025-04-12 12:19:57.495 [info] > git status -z -uall [10ms]
2025-04-12 12:19:57.497 [info] > git for-each-ref --sort -committerdate --format %(refname)%00%(objectname)%00%(*objectname) [3ms]
2025-04-12 12:20:01.173 [info] > git check-ignore -v -z --stdin [2ms]
2025-04-12 12:20:02.515 [info] > git for-each-ref --format=%(refname)%00%(upstream:short)%00%(objectname)%00%(upstream:track)%00%(upstream:remotename)%00%(upstream:remoteref) refs/heads/master refs/remotes/master [3ms]
2025-04-12 12:20:02.539 [info] > git for-each-ref --sort -committerdate --format %(refname)%00%(objectname)%00%(*objectname) [3ms]
2025-04-12 12:20:02.541 [info] > git status -z -uall [15ms]
2025-04-12 12:20:07.561 [info] > git for-each-ref --format=%(refname)%00%(upstream:short)%00%(objectname)%00%(upstream:track)%00%(upstream:remotename)%00%(upstream:remoteref) refs/heads/master refs/remotes/master [3ms]
2025-04-12 12:20:07.583 [info] > git for-each-ref --sort -committerdate --format %(refname)%00%(objectname)%00%(*objectname) [3ms]
2025-04-12 12:20:07.586 [info] > git status -z -uall [15ms]
2025-04-12 12:20:12.605 [info] > git for-each-ref --format=%(refname)%00%(upstream:short)%00%(objectname)%00%(upstream:track)%00%(upstream:remotename)%00%(upstream:remoteref) refs/heads/master refs/remotes/master [3ms]
2025-04-12 12:20:12.626 [info] > git status -z -uall [11ms]
2025-04-12 12:20:12.628 [info] > git for-each-ref --sort -committerdate --format %(refname)%00%(objectname)%00%(*objectname) [3ms]
2025-04-12 12:20:19.186 [info] > git for-each-ref --format=%(refname)%00%(upstream:short)%00%(objectname)%00%(upstream:track)%00%(upstream:remotename)%00%(upstream:remoteref) refs/heads/master refs/remotes/master [3ms]
2025-04-12 12:20:19.207 [info] > git status -z -uall [10ms]
2025-04-12 12:20:19.209 [info] > git for-each-ref --sort -committerdate --format %(refname)%00%(objectname)%00%(*objectname) [3ms]
2025-04-12 12:20:20.168 [info] > git check-ignore -v -z --stdin [3ms]
2025-04-12 12:20:24.228 [info] > git for-each-ref --format=%(refname)%00%(upstream:short)%00%(objectname)%00%(upstream:track)%00%(upstream:remotename)%00%(upstream:remoteref) refs/heads/master refs/remotes/master [3ms]
2025-04-12 12:20:24.248 [info] > git status -z -uall [10ms]
2025-04-12 12:20:24.249 [info] > git for-each-ref --sort -committerdate --format %(refname)%00%(objectname)%00%(*objectname) [3ms]
2025-04-12 12:20:26.908 [info] > git show -s --decorate=full --shortstat --format=%H%n%aN%n%aE%n%at%n%ct%n%P%n%D%n%B -z MERGE_HEAD -- [10ms]
2025-04-12 12:20:26.909 [info] > git show -s --decorate=full --shortstat --format=%H%n%aN%n%aE%n%at%n%ct%n%P%n%D%n%B -z HEAD -- [20ms]
2025-04-12 12:20:26.911 [info] > git diff --name-status -z --diff-filter=ADMR MERGE_HEAD...HEAD [4ms]
2025-04-12 12:20:27.047 [info] > git show --textconv :1:build/CMakeCache.txt [70ms]
2025-04-12 12:20:27.048 [info] > git show --textconv 8ddf5f2f60ded177a6d7271881b6b24751eacbc9:build/CMakeCache.txt [56ms]
2025-04-12 12:20:27.048 [info] > git show --textconv cf2479e46b31a0afaacab02e5dc9002d480427e1:build/CMakeCache.txt [43ms]
2025-04-12 12:20:27.048 [info] > git ls-tree -l 8ddf5f2f60ded177a6d7271881b6b24751eacbc9 -- build/CMakeCache.txt [15ms]
2025-04-12 12:20:27.049 [info] > git ls-files --stage -- build/CMakeCache.txt [30ms]
2025-04-12 12:20:27.079 [info] > git hash-object -t tree /dev/null [6ms]
2025-04-12 12:20:27.079 [warning] [GitFileSystemProvider][readFile] File not found - git:/root/keysight-challenge-2025/build/CMakeCache.txt?%7B%22path%22%3A%22%2Froot%2Fkeysight-challenge-2025%2Fbuild%2FCMakeCache.txt%22%2C%22ref%22%3A%22%3A1%22%7D
2025-04-12 12:20:27.084 [info] > git cat-file -s 6aced1b16791104e5041b670d812064d938b3fdf [25ms]
2025-04-12 12:20:27.086 [info] > git ls-tree -l cf2479e46b31a0afaacab02e5dc9002d480427e1 -- build/CMakeCache.txt [40ms]
2025-04-12 12:20:29.271 [info] > git for-each-ref --format=%(refname)%00%(upstream:short)%00%(objectname)%00%(upstream:track)%00%(upstream:remotename)%00%(upstream:remoteref) refs/heads/master refs/remotes/master [3ms]
2025-04-12 12:20:29.292 [info] > git status -z -uall [10ms]
2025-04-12 12:20:29.293 [info] > git for-each-ref --sort -committerdate --format %(refname)%00%(objectname)%00%(*objectname) [2ms]
2025-04-12 12:20:38.868 [info] > git for-each-ref --format=%(refname)%00%(upstream:short)%00%(objectname)%00%(upstream:track)%00%(upstream:remotename)%00%(upstream:remoteref) refs/heads/master refs/remotes/master [3ms]
2025-04-12 12:20:38.888 [info] > git status -z -uall [10ms]
2025-04-12 12:20:38.891 [info] > git for-each-ref --sort -committerdate --format %(refname)%00%(objectname)%00%(*objectname) [4ms]
2025-04-12 12:20:43.481 [info] > git for-each-ref --format=%(refname)%00%(upstream:short)%00%(objectname)%00%(upstream:track)%00%(upstream:remotename)%00%(upstream:remoteref) refs/heads/master refs/remotes/master [3ms]
2025-04-12 12:20:43.502 [info] > git status -z -uall [10ms]
2025-04-12 12:20:43.504 [info] > git for-each-ref --sort -committerdate --format %(refname)%00%(objectname)%00%(*objectname) [4ms]
2025-04-12 12:20:43.840 [info] > git show --textconv :build/CMakeCache.txt [11ms]
2025-04-12 12:20:43.842 [info] > git ls-files --stage -- build/CMakeCache.txt [4ms]
2025-04-12 12:20:43.853 [info] > git cat-file -s 2d9ef8b24e7091f992e28cf43ed768e9e88ea368 [2ms]
2025-04-12 12:20:44.646 [info] > git ls-tree -l cf2479e46b31a0afaacab02e5dc9002d480427e1 -- build/CMakeCache.txt [12ms]
2025-04-12 12:20:44.647 [info] > git ls-tree -l 8ddf5f2f60ded177a6d7271881b6b24751eacbc9 -- build/CMakeCache.txt [23ms]
2025-04-12 12:20:44.648 [info] > git ls-files --stage -- build/CMakeCache.txt [3ms]
2025-04-12 12:20:44.677 [info] > git show --textconv cf2479e46b31a0afaacab02e5dc9002d480427e1:build/CMakeCache.txt [9ms]
2025-04-12 12:20:44.678 [info] > git cat-file -s 2d9ef8b24e7091f992e28cf43ed768e9e88ea368 [21ms]
2025-04-12 12:20:44.680 [info] > git show --textconv 8ddf5f2f60ded177a6d7271881b6b24751eacbc9:build/CMakeCache.txt [3ms]
2025-04-12 12:20:44.693 [info] > git show --textconv :build/CMakeCache.txt [3ms]
2025-04-12 12:20:45.632 [info] > git for-each-ref --format=%(refname)%00%(upstream:short)%00%(objectname)%00%(upstream:track)%00%(upstream:remotename)%00%(upstream:remoteref) refs/heads/master refs/remotes/master [3ms]
2025-04-12 12:20:45.654 [info] > git status -z -uall [13ms]
2025-04-12 12:20:45.655 [info] > git for-each-ref --sort -committerdate --format %(refname)%00%(objectname)%00%(*objectname) [4ms]
2025-04-12 12:20:51.085 [info] > git for-each-ref --format=%(refname)%00%(upstream:short)%00%(objectname)%00%(upstream:track)%00%(upstream:remotename)%00%(upstream:remoteref) refs/heads/master refs/remotes/master [3ms]
2025-04-12 12:20:51.104 [info] > git status -z -uall [9ms]
2025-04-12 12:20:51.106 [info] > git for-each-ref --sort -committerdate --format %(refname)%00%(objectname)%00%(*objectname) [3ms]
2025-04-12 12:21:02.317 [info] > git for-each-ref --format=%(refname)%00%(upstream:short)%00%(objectname)%00%(upstream:track)%00%(upstream:remotename)%00%(upstream:remoteref) refs/heads/master refs/remotes/master [3ms]
2025-04-12 12:21:02.340 [info] > git status -z -uall [13ms]
2025-04-12 12:21:02.341 [info] > git for-each-ref --sort -committerdate --format %(refname)%00%(objectname)%00%(*objectname) [3ms]
2025-04-12 12:21:07.363 [info] > git for-each-ref --format=%(refname)%00%(upstream:short)%00%(objectname)%00%(upstream:track)%00%(upstream:remotename)%00%(upstream:remoteref) refs/heads/master refs/remotes/master [4ms]
2025-04-12 12:21:07.390 [info] > git status -z -uall [14ms]
2025-04-12 12:21:07.392 [info] > git for-each-ref --sort -committerdate --format %(refname)%00%(objectname)%00%(*objectname) [3ms]
2025-04-12 12:21:12.414 [info] > git for-each-ref --format=%(refname)%00%(upstream:short)%00%(objectname)%00%(upstream:track)%00%(upstream:remotename)%00%(upstream:remoteref) refs/heads/master refs/remotes/master [3ms]
2025-04-12 12:21:12.434 [info] > git status -z -uall [10ms]
2025-04-12 12:21:12.435 [info] > git for-each-ref --sort -committerdate --format %(refname)%00%(objectname)%00%(*objectname) [2ms]
